
*** Running vivado
    with args -log CPU.vds -m64 -product Vivado -mode batch -messageDb vivado.pb -notrace -source CPU.tcl


ECHO is off.
ECHO is off.

****** Vivado v2023.2 (64-bit)
  **** SW Build 4029153 on Fri Oct 13 20:14:34 MDT 2023
  **** IP Build 4028589 on Sat Oct 14 00:45:43 MDT 2023
  **** SharedData Build 4025554 on Tue Oct 10 17:18:54 MDT 2023
    ** Copyright 1986-2022 Xilinx, Inc. All Rights Reserved.
    ** Copyright 2022-2023 Advanced Micro Devices, Inc. All Rights Reserved.

source CPU.tcl -notrace
Command: read_checkpoint -auto_incremental -incremental D:/Documents/xilinx/CPU-ALU-stuff/CPU-ALU-stuff.srcs/utils_1/imports/synth_1/Datapath.dcp
INFO: [Vivado 12-5825] Read reference checkpoint from D:/Documents/xilinx/CPU-ALU-stuff/CPU-ALU-stuff.srcs/utils_1/imports/synth_1/Datapath.dcp for incremental synthesis
INFO: [Vivado 12-7989] Please ensure there are no constraint changes
Command: synth_design -top CPU -part xc7k70tfbv676-3
Starting synth_design
Attempting to get a license for feature 'Synthesis' and/or device 'xc7k70t'
INFO: [Common 17-349] Got license for feature 'Synthesis' and/or device 'xc7k70t'
INFO: [Designutils 20-5440] No compile time benefit to using incremental synthesis; A full resynthesis will be run
INFO: [Designutils 20-4379] Flow is switching to default flow due to incremental criteria not met. If you would like to alter this behaviour and have the flow terminate instead, please set the following parameter config_implementation {autoIncr.Synth.RejectBehavior Terminate}
INFO: [Synth 8-7079] Multithreading enabled for synth_design using a maximum of 2 processes.
INFO: [Synth 8-7078] Launching helper process for spawning children vivado processes
INFO: [Synth 8-7075] Helper process launched with PID 2564
---------------------------------------------------------------------------------
Starting Synthesize : Time (s): cpu = 00:00:04 ; elapsed = 00:00:04 . Memory (MB): peak = 906.227 ; gain = 438.418
---------------------------------------------------------------------------------
WARNING: [Synth 8-9112] actual for formal port 'k' is neither a static name nor a globally static expression [D:/Documents/xilinx/CPU-ALU-stuff/shift_register.vhd:53]
INFO: [Synth 8-638] synthesizing module 'CPU' [D:/Documents/xilinx/CPU-ALU-stuff/CPU-ALU-stuff.srcs/sources_1/new/CPU.vhd:18]
INFO: [Synth 8-638] synthesizing module 'Control' [D:/Documents/xilinx/CPU-ALU-stuff/CPU-ALU-stuff.srcs/sources_1/new/Control.vhd:24]
INFO: [Synth 8-638] synthesizing module 'shift_register' [D:/Documents/xilinx/CPU-ALU-stuff/shift_register.vhd:43]
	Parameter K bound to: 32 - type: integer 
INFO: [Synth 8-638] synthesizing module 'JK_FF' [D:/Documents/xilinx/CPU-ALU-stuff/JK_FF.vhd:13]
INFO: [Synth 8-226] default block is never used [D:/Documents/xilinx/CPU-ALU-stuff/JK_FF.vhd:19]
INFO: [Synth 8-256] done synthesizing module 'JK_FF' (0#1) [D:/Documents/xilinx/CPU-ALU-stuff/JK_FF.vhd:13]
INFO: [Synth 8-226] default block is never used [D:/Documents/xilinx/CPU-ALU-stuff/shift_register.vhd:59]
INFO: [Synth 8-256] done synthesizing module 'shift_register' (0#1) [D:/Documents/xilinx/CPU-ALU-stuff/shift_register.vhd:43]
INFO: [Synth 8-638] synthesizing module 'nto1mux' [D:/Documents/xilinx/CPU-ALU-stuff/n-to-1-mux.vhd:13]
	Parameter mux_size bound to: 1 - type: integer 
	Parameter bus_width bound to: 32 - type: integer 
INFO: [Synth 8-256] done synthesizing module 'nto1mux' (0#1) [D:/Documents/xilinx/CPU-ALU-stuff/n-to-1-mux.vhd:13]
INFO: [Synth 8-638] synthesizing module 'nbyfouradder' [D:/Documents/xilinx/CPU-ALU-stuff/fourbyfouradder.vhd:41]
	Parameter k bound to: 32 - type: integer 
INFO: [Synth 8-638] synthesizing module 'carrylookahead4bit' [D:/Documents/xilinx/CPU-ALU-stuff/carrylookahead-4bit.vhd:40]
INFO: [Synth 8-256] done synthesizing module 'carrylookahead4bit' (0#1) [D:/Documents/xilinx/CPU-ALU-stuff/carrylookahead-4bit.vhd:40]
INFO: [Synth 8-256] done synthesizing module 'nbyfouradder' (0#1) [D:/Documents/xilinx/CPU-ALU-stuff/fourbyfouradder.vhd:41]
INFO: [Synth 8-256] done synthesizing module 'Control' (0#1) [D:/Documents/xilinx/CPU-ALU-stuff/CPU-ALU-stuff.srcs/sources_1/new/Control.vhd:24]
INFO: [Synth 8-638] synthesizing module 'Datapath' [D:/Documents/xilinx/CPU-ALU-stuff/CPU-ALU-stuff.srcs/sources_1/new/Datapath.vhd:44]
INFO: [Synth 8-638] synthesizing module 'ALU' [D:/Documents/xilinx/CPU-ALU-stuff/CPU-ALU-stuff.srcs/sources_1/new/ALU.vhd:37]
	Parameter k bound to: 32 - type: integer 
INFO: [Synth 8-638] synthesizing module 'arithmeticunit' [D:/Documents/xilinx/CPU-ALU-stuff/CPU-ALU-stuff.srcs/sources_1/new/arithmeticunit.vhd:22]
	Parameter k bound to: 32 - type: integer 
INFO: [Synth 8-638] synthesizing module 'nbitmultiplier' [D:/Documents/xilinx/CPU-ALU-stuff/CPU-ALU-stuff.srcs/sources_1/new/nbitmultiplier.vhd:41]
	Parameter k bound to: 32 - type: integer 
INFO: [Synth 8-256] done synthesizing module 'nbitmultiplier' (0#1) [D:/Documents/xilinx/CPU-ALU-stuff/CPU-ALU-stuff.srcs/sources_1/new/nbitmultiplier.vhd:41]
INFO: [Synth 8-638] synthesizing module 'shiftunit' [D:/Documents/xilinx/CPU-ALU-stuff/CPU-ALU-stuff.srcs/sources_1/new/shiftunit.vhd:42]
	Parameter k bound to: 32 - type: integer 
INFO: [Synth 8-256] done synthesizing module 'shiftunit' (0#1) [D:/Documents/xilinx/CPU-ALU-stuff/CPU-ALU-stuff.srcs/sources_1/new/shiftunit.vhd:42]
INFO: [Synth 8-638] synthesizing module 'nto1mux__parameterized0' [D:/Documents/xilinx/CPU-ALU-stuff/n-to-1-mux.vhd:13]
	Parameter mux_size bound to: 2 - type: integer 
	Parameter bus_width bound to: 32 - type: integer 
INFO: [Synth 8-256] done synthesizing module 'nto1mux__parameterized0' (0#1) [D:/Documents/xilinx/CPU-ALU-stuff/n-to-1-mux.vhd:13]
INFO: [Synth 8-256] done synthesizing module 'arithmeticunit' (0#1) [D:/Documents/xilinx/CPU-ALU-stuff/CPU-ALU-stuff.srcs/sources_1/new/arithmeticunit.vhd:22]
INFO: [Synth 8-638] synthesizing module 'logicunit' [D:/Documents/xilinx/CPU-ALU-stuff/CPU-ALU-stuff.srcs/sources_1/new/logicunit.vhd:18]
	Parameter k bound to: 32 - type: integer 
INFO: [Synth 8-256] done synthesizing module 'logicunit' (0#1) [D:/Documents/xilinx/CPU-ALU-stuff/CPU-ALU-stuff.srcs/sources_1/new/logicunit.vhd:18]
INFO: [Synth 8-638] synthesizing module 'shift_register__parameterized0' [D:/Documents/xilinx/CPU-ALU-stuff/shift_register.vhd:43]
	Parameter K bound to: 4 - type: integer 
INFO: [Synth 8-226] default block is never used [D:/Documents/xilinx/CPU-ALU-stuff/shift_register.vhd:59]
INFO: [Synth 8-256] done synthesizing module 'shift_register__parameterized0' (0#1) [D:/Documents/xilinx/CPU-ALU-stuff/shift_register.vhd:43]
INFO: [Synth 8-256] done synthesizing module 'ALU' (0#1) [D:/Documents/xilinx/CPU-ALU-stuff/CPU-ALU-stuff.srcs/sources_1/new/ALU.vhd:37]
INFO: [Synth 8-638] synthesizing module 'register_file' [D:/Documents/xilinx/CPU-ALU-stuff/CPU-ALU-stuff.srcs/sources_1/new/register_file.vhd:18]
INFO: [Synth 8-638] synthesizing module 'decoder' [D:/Documents/xilinx/CPU-ALU-stuff/decoder.vhd:38]
	Parameter k bound to: 8 - type: integer 
INFO: [Synth 8-256] done synthesizing module 'decoder' (0#1) [D:/Documents/xilinx/CPU-ALU-stuff/decoder.vhd:38]
INFO: [Synth 8-638] synthesizing module 'nto1mux__parameterized1' [D:/Documents/xilinx/CPU-ALU-stuff/n-to-1-mux.vhd:13]
	Parameter mux_size bound to: 3 - type: integer 
	Parameter bus_width bound to: 32 - type: integer 
INFO: [Synth 8-256] done synthesizing module 'nto1mux__parameterized1' (0#1) [D:/Documents/xilinx/CPU-ALU-stuff/n-to-1-mux.vhd:13]
INFO: [Synth 8-256] done synthesizing module 'register_file' (0#1) [D:/Documents/xilinx/CPU-ALU-stuff/CPU-ALU-stuff.srcs/sources_1/new/register_file.vhd:18]
INFO: [Synth 8-256] done synthesizing module 'Datapath' (0#1) [D:/Documents/xilinx/CPU-ALU-stuff/CPU-ALU-stuff.srcs/sources_1/new/Datapath.vhd:44]
INFO: [Synth 8-256] done synthesizing module 'CPU' (0#1) [D:/Documents/xilinx/CPU-ALU-stuff/CPU-ALU-stuff.srcs/sources_1/new/CPU.vhd:18]
WARNING: [Synth 8-7129] Port B[31] in module shiftunit is either unconnected or has no load
WARNING: [Synth 8-7129] Port Flags[1] in module Control is either unconnected or has no load
WARNING: [Synth 8-7129] Port Flags[0] in module Control is either unconnected or has no load
---------------------------------------------------------------------------------
Finished Synthesize : Time (s): cpu = 00:00:06 ; elapsed = 00:00:06 . Memory (MB): peak = 1018.270 ; gain = 550.461
---------------------------------------------------------------------------------
---------------------------------------------------------------------------------
Finished Constraint Validation : Time (s): cpu = 00:00:06 ; elapsed = 00:00:06 . Memory (MB): peak = 1018.270 ; gain = 550.461
---------------------------------------------------------------------------------
---------------------------------------------------------------------------------
Start Loading Part and Timing Information
---------------------------------------------------------------------------------
Loading part: xc7k70tfbv676-3
---------------------------------------------------------------------------------
Finished Loading Part and Timing Information : Time (s): cpu = 00:00:06 ; elapsed = 00:00:06 . Memory (MB): peak = 1018.270 ; gain = 550.461
---------------------------------------------------------------------------------
INFO: [Device 21-403] Loading part xc7k70tfbv676-3
---------------------------------------------------------------------------------
Finished RTL Optimization Phase 2 : Time (s): cpu = 00:00:07 ; elapsed = 00:00:07 . Memory (MB): peak = 1018.270 ; gain = 550.461
---------------------------------------------------------------------------------
No constraint files found.
---------------------------------------------------------------------------------
Start RTL Component Statistics 
---------------------------------------------------------------------------------
Detailed RTL Component Info : 
+---XORs : 
	   2 Input     32 Bit         XORs := 1     
	   2 Input      1 Bit         XORs := 192   
	   6 Input      1 Bit         XORs := 1     
+---Registers : 
	                1 Bit    Registers := 292   
+---Multipliers : 
	              32x32  Multipliers := 1     
+---Muxes : 
	   2 Input   32 Bit        Muxes := 32    
	   4 Input   32 Bit        Muxes := 3     
	   2 Input    4 Bit        Muxes := 3     
	   2 Input    1 Bit        Muxes := 300   
---------------------------------------------------------------------------------
Finished RTL Component Statistics 
---------------------------------------------------------------------------------
---------------------------------------------------------------------------------
Start Part Resource Summary
---------------------------------------------------------------------------------
Part Resources:
DSPs: 240 (col length:80)
BRAMs: 270 (col length: RAMB18 80 RAMB36 40)
---------------------------------------------------------------------------------
Finished Part Resource Summary
---------------------------------------------------------------------------------
No constraint files found.
---------------------------------------------------------------------------------
Start Cross Boundary and Area Optimization
---------------------------------------------------------------------------------
WARNING: [Synth 8-7080] Parallel synthesis criteria is not met
DSP Report: Generating DSP ALU/arithmetic/mul/full_result, operation Mode is: A*B.
DSP Report: operator ALU/arithmetic/mul/full_result is absorbed into DSP ALU/arithmetic/mul/full_result.
DSP Report: operator ALU/arithmetic/mul/full_result is absorbed into DSP ALU/arithmetic/mul/full_result.
DSP Report: Generating DSP ALU/arithmetic/mul/full_result, operation Mode is: (PCIN>>17)+A*B.
DSP Report: operator ALU/arithmetic/mul/full_result is absorbed into DSP ALU/arithmetic/mul/full_result.
DSP Report: operator ALU/arithmetic/mul/full_result is absorbed into DSP ALU/arithmetic/mul/full_result.
DSP Report: Generating DSP ALU/arithmetic/mul/full_result, operation Mode is: A*B.
DSP Report: operator ALU/arithmetic/mul/full_result is absorbed into DSP ALU/arithmetic/mul/full_result.
DSP Report: operator ALU/arithmetic/mul/full_result is absorbed into DSP ALU/arithmetic/mul/full_result.
DSP Report: Generating DSP ALU/arithmetic/mul/full_result, operation Mode is: (PCIN>>17)+A*B.
DSP Report: operator ALU/arithmetic/mul/full_result is absorbed into DSP ALU/arithmetic/mul/full_result.
DSP Report: operator ALU/arithmetic/mul/full_result is absorbed into DSP ALU/arithmetic/mul/full_result.
---------------------------------------------------------------------------------
Finished Cross Boundary and Area Optimization : Time (s): cpu = 00:00:33 ; elapsed = 00:00:35 . Memory (MB): peak = 1342.301 ; gain = 874.492
---------------------------------------------------------------------------------
 Sort Area is  ALU/arithmetic/mul/full_result_0 : 0 0 : 2701 5047 : Used 1 time 0
 Sort Area is  ALU/arithmetic/mul/full_result_0 : 0 1 : 2346 5047 : Used 1 time 0
 Sort Area is  ALU/arithmetic/mul/full_result_3 : 0 0 : 2339 4494 : Used 1 time 0
 Sort Area is  ALU/arithmetic/mul/full_result_3 : 0 1 : 2155 4494 : Used 1 time 0
---------------------------------------------------------------------------------
Start ROM, RAM, DSP, Shift Register and Retiming Reporting
---------------------------------------------------------------------------------

DSP: Preliminary Mapping Report (see note below. The ' indicates corresponding REG is set)
+------------+----------------+--------+--------+--------+--------+--------+------+------+------+------+-------+------+------+
|Module Name | DSP Mapping    | A Size | B Size | C Size | D Size | P Size | AREG | BREG | CREG | DREG | ADREG | MREG | PREG | 
+------------+----------------+--------+--------+--------+--------+--------+------+------+------+------+-------+------+------+
|Datapath    | A*B            | 18     | 16     | -      | -      | 48     | 0    | 0    | -    | -    | -     | 0    | 0    | 
|Datapath    | (PCIN>>17)+A*B | 16     | 16     | -      | -      | 48     | 0    | 0    | -    | -    | -     | 0    | 0    | 
|Datapath    | A*B            | 18     | 18     | -      | -      | 48     | 0    | 0    | -    | -    | -     | 0    | 0    | 
|Datapath    | (PCIN>>17)+A*B | 18     | 16     | -      | -      | 48     | 0    | 0    | -    | -    | -     | 0    | 0    | 
+------------+----------------+--------+--------+--------+--------+--------+------+------+------+------+-------+------+------+

Note: The table above is a preliminary report that shows the DSPs inferred at the current stage of the synthesis flow. Some DSP may be reimplemented as non DSP primitives later in the synthesis flow. Multiple instantiated DSPs are reported only once.
---------------------------------------------------------------------------------
Finished ROM, RAM, DSP, Shift Register and Retiming Reporting
---------------------------------------------------------------------------------
No constraint files found.
---------------------------------------------------------------------------------
Start Timing Optimization
---------------------------------------------------------------------------------
---------------------------------------------------------------------------------
Finished Timing Optimization : Time (s): cpu = 00:00:34 ; elapsed = 00:00:35 . Memory (MB): peak = 1342.301 ; gain = 874.492
---------------------------------------------------------------------------------
---------------------------------------------------------------------------------
Start Technology Mapping
---------------------------------------------------------------------------------
---------------------------------------------------------------------------------
Finished Technology Mapping : Time (s): cpu = 00:00:35 ; elapsed = 00:00:36 . Memory (MB): peak = 1342.301 ; gain = 874.492
---------------------------------------------------------------------------------
---------------------------------------------------------------------------------
Start IO Insertion
---------------------------------------------------------------------------------
---------------------------------------------------------------------------------
Start Flattening Before IO Insertion
---------------------------------------------------------------------------------
---------------------------------------------------------------------------------
Finished Flattening Before IO Insertion
---------------------------------------------------------------------------------
---------------------------------------------------------------------------------
Start Final Netlist Cleanup
---------------------------------------------------------------------------------
---------------------------------------------------------------------------------
Finished Final Netlist Cleanup
---------------------------------------------------------------------------------
---------------------------------------------------------------------------------
Finished IO Insertion : Time (s): cpu = 00:00:38 ; elapsed = 00:00:40 . Memory (MB): peak = 1342.301 ; gain = 874.492
---------------------------------------------------------------------------------
---------------------------------------------------------------------------------
Start Renaming Generated Instances
---------------------------------------------------------------------------------
---------------------------------------------------------------------------------
Finished Renaming Generated Instances : Time (s): cpu = 00:00:38 ; elapsed = 00:00:40 . Memory (MB): peak = 1342.301 ; gain = 874.492
---------------------------------------------------------------------------------
---------------------------------------------------------------------------------
Start Rebuilding User Hierarchy
---------------------------------------------------------------------------------
---------------------------------------------------------------------------------
Finished Rebuilding User Hierarchy : Time (s): cpu = 00:00:38 ; elapsed = 00:00:40 . Memory (MB): peak = 1342.301 ; gain = 874.492
---------------------------------------------------------------------------------
---------------------------------------------------------------------------------
Start Renaming Generated Ports
---------------------------------------------------------------------------------
---------------------------------------------------------------------------------
Finished Renaming Generated Ports : Time (s): cpu = 00:00:38 ; elapsed = 00:00:40 . Memory (MB): peak = 1342.301 ; gain = 874.492
---------------------------------------------------------------------------------
---------------------------------------------------------------------------------
Start Handling Custom Attributes
---------------------------------------------------------------------------------
---------------------------------------------------------------------------------
Finished Handling Custom Attributes : Time (s): cpu = 00:00:39 ; elapsed = 00:00:40 . Memory (MB): peak = 1342.301 ; gain = 874.492
---------------------------------------------------------------------------------
---------------------------------------------------------------------------------
Start Renaming Generated Nets
---------------------------------------------------------------------------------
---------------------------------------------------------------------------------
Finished Renaming Generated Nets : Time (s): cpu = 00:00:39 ; elapsed = 00:00:40 . Memory (MB): peak = 1342.301 ; gain = 874.492
---------------------------------------------------------------------------------
---------------------------------------------------------------------------------
Start Writing Synthesis Report
---------------------------------------------------------------------------------

DSP Final Report (the ' indicates corresponding REG is set)
+------------+--------------+--------+--------+--------+--------+--------+------+------+------+------+-------+------+------+
|Module Name | DSP Mapping  | A Size | B Size | C Size | D Size | P Size | AREG | BREG | CREG | DREG | ADREG | MREG | PREG | 
+------------+--------------+--------+--------+--------+--------+--------+------+------+------+------+-------+------+------+
|Datapath    | A*B          | 17     | 15     | -      | -      | 48     | 0    | 0    | -    | -    | -     | 0    | 0    | 
|Datapath    | A*B          | 17     | 17     | -      | -      | 48     | 0    | 0    | -    | -    | -     | 0    | 0    | 
|Datapath    | PCIN>>17+A*B | 17     | 15     | -      | -      | 48     | 0    | 0    | -    | -    | -     | 0    | 0    | 
+------------+--------------+--------+--------+--------+--------+--------+------+------+------+------+-------+------+------+


Report BlackBoxes: 
+-+--------------+----------+
| |BlackBox name |Instances |
+-+--------------+----------+
+-+--------------+----------+

Report Cell Usage: 
+------+--------+------+
|      |Cell    |Count |
+------+--------+------+
|1     |BUFG    |     1|
|2     |CARRY4  |     4|
|3     |DSP48E1 |     3|
|4     |LUT2    |   290|
|5     |LUT3    |    34|
|6     |LUT4    |   257|
|7     |LUT5    |   157|
|8     |LUT6    |   704|
|9     |MUXF7   |    43|
|10    |MUXF8   |     3|
|11    |FDRE    |   289|
|12    |IBUF    |    50|
|13    |OBUF    |    97|
+------+--------+------+

Report Instance Areas: 
+------+---------------------+-------------------------------+------+
|      |Instance             |Module                         |Cells |
+------+---------------------+-------------------------------+------+
|1     |top                  |                               |  1932|
|2     |  Control            |Control                        |   129|
|3     |    PC               |shift_register_264             |   129|
|4     |      \f[10].FF      |JK_FF_265                      |     4|
|5     |      \f[11].FF      |JK_FF_266                      |     4|
|6     |      \f[12].FF      |JK_FF_267                      |     4|
|7     |      \f[13].FF      |JK_FF_268                      |     6|
|8     |      \f[14].FF      |JK_FF_269                      |     3|
|9     |      \f[15].FF      |JK_FF_270                      |     4|
|10    |      \f[16].FF      |JK_FF_271                      |     7|
|11    |      \f[17].FF      |JK_FF_272                      |     4|
|12    |      \f[18].FF      |JK_FF_273                      |     3|
|13    |      \f[19].FF      |JK_FF_274                      |     4|
|14    |      \f[1].FF       |JK_FF_275                      |     4|
|15    |      \f[20].FF      |JK_FF_276                      |     7|
|16    |      \f[21].FF      |JK_FF_277                      |     4|
|17    |      \f[22].FF      |JK_FF_278                      |     3|
|18    |      \f[23].FF      |JK_FF_279                      |     4|
|19    |      \f[24].FF      |JK_FF_280                      |     4|
|20    |      \f[25].FF      |JK_FF_281                      |     4|
|21    |      \f[26].FF      |JK_FF_282                      |     5|
|22    |      \f[27].FF      |JK_FF_283                      |     4|
|23    |      \f[28].FF      |JK_FF_284                      |     4|
|24    |      \f[29].FF      |JK_FF_285                      |     4|
|25    |      \f[2].FF       |JK_FF_286                      |     5|
|26    |      \f[30].FF      |JK_FF_287                      |     4|
|27    |      \f[31].FF      |JK_FF_288                      |     2|
|28    |      \f[3].FF       |JK_FF_289                      |     4|
|29    |      \f[4].FF       |JK_FF_290                      |     4|
|30    |      \f[5].FF       |JK_FF_291                      |     4|
|31    |      \f[6].FF       |JK_FF_292                      |     4|
|32    |      \f[7].FF       |JK_FF_293                      |     4|
|33    |      \f[8].FF       |JK_FF_294                      |     4|
|34    |      \f[9].FF       |JK_FF_295                      |     4|
|35    |  Datapath           |Datapath                       |  1654|
|36    |    ALU              |ALU                            |    32|
|37    |      arithmetic     |arithmeticunit                 |    25|
|38    |        mul          |nbitmultiplier                 |    25|
|39    |      flags_register |shift_register__parameterized0 |     7|
|40    |        \f[2].FF     |JK_FF_262                      |     5|
|41    |        \f[3].FF     |JK_FF_263                      |     2|
|42    |    Register_file    |register_file                  |  1622|
|43    |      \regs[0].reg   |shift_register                 |    33|
|44    |        \f[0].FF     |JK_FF_230                      |     1|
|45    |        \f[10].FF    |JK_FF_231                      |     1|
|46    |        \f[11].FF    |JK_FF_232                      |     1|
|47    |        \f[12].FF    |JK_FF_233                      |     1|
|48    |        \f[13].FF    |JK_FF_234                      |     1|
|49    |        \f[14].FF    |JK_FF_235                      |     1|
|50    |        \f[15].FF    |JK_FF_236                      |     1|
|51    |        \f[16].FF    |JK_FF_237                      |     1|
|52    |        \f[17].FF    |JK_FF_238                      |     1|
|53    |        \f[18].FF    |JK_FF_239                      |     1|
|54    |        \f[19].FF    |JK_FF_240                      |     1|
|55    |        \f[1].FF     |JK_FF_241                      |     1|
|56    |        \f[20].FF    |JK_FF_242                      |     1|
|57    |        \f[21].FF    |JK_FF_243                      |     1|
|58    |        \f[22].FF    |JK_FF_244                      |     1|
|59    |        \f[23].FF    |JK_FF_245                      |     1|
|60    |        \f[24].FF    |JK_FF_246                      |     1|
|61    |        \f[25].FF    |JK_FF_247                      |     1|
|62    |        \f[26].FF    |JK_FF_248                      |     1|
|63    |        \f[27].FF    |JK_FF_249                      |     1|
|64    |        \f[28].FF    |JK_FF_250                      |     1|
|65    |        \f[29].FF    |JK_FF_251                      |     1|
|66    |        \f[2].FF     |JK_FF_252                      |     1|
|67    |        \f[30].FF    |JK_FF_253                      |     1|
|68    |        \f[31].FF    |JK_FF_254                      |     2|
|69    |        \f[3].FF     |JK_FF_255                      |     1|
|70    |        \f[4].FF     |JK_FF_256                      |     1|
|71    |        \f[5].FF     |JK_FF_257                      |     1|
|72    |        \f[6].FF     |JK_FF_258                      |     1|
|73    |        \f[7].FF     |JK_FF_259                      |     1|
|74    |        \f[8].FF     |JK_FF_260                      |     1|
|75    |        \f[9].FF     |JK_FF_261                      |     1|
|76    |      \regs[1].reg   |shift_register_0               |   147|
|77    |        \f[0].FF     |JK_FF_198                      |    12|
|78    |        \f[10].FF    |JK_FF_199                      |     4|
|79    |        \f[11].FF    |JK_FF_200                      |     4|
|80    |        \f[12].FF    |JK_FF_201                      |     3|
|81    |        \f[13].FF    |JK_FF_202                      |     3|
|82    |        \f[14].FF    |JK_FF_203                      |     4|
|83    |        \f[15].FF    |JK_FF_204                      |     3|
|84    |        \f[16].FF    |JK_FF_205                      |     3|
|85    |        \f[17].FF    |JK_FF_206                      |     3|
|86    |        \f[18].FF    |JK_FF_207                      |     3|
|87    |        \f[19].FF    |JK_FF_208                      |     4|
|88    |        \f[1].FF     |JK_FF_209                      |     5|
|89    |        \f[20].FF    |JK_FF_210                      |     3|
|90    |        \f[21].FF    |JK_FF_211                      |     3|
|91    |        \f[22].FF    |JK_FF_212                      |     3|
|92    |        \f[23].FF    |JK_FF_213                      |     3|
|93    |        \f[24].FF    |JK_FF_214                      |     3|
|94    |        \f[25].FF    |JK_FF_215                      |     3|
|95    |        \f[26].FF    |JK_FF_216                      |     3|
|96    |        \f[27].FF    |JK_FF_217                      |     3|
|97    |        \f[28].FF    |JK_FF_218                      |     3|
|98    |        \f[29].FF    |JK_FF_219                      |     3|
|99    |        \f[2].FF     |JK_FF_220                      |     5|
|100   |        \f[30].FF    |JK_FF_221                      |     6|
|101   |        \f[31].FF    |JK_FF_222                      |     6|
|102   |        \f[3].FF     |JK_FF_223                      |    29|
|103   |        \f[4].FF     |JK_FF_224                      |     3|
|104   |        \f[5].FF     |JK_FF_225                      |     3|
|105   |        \f[6].FF     |JK_FF_226                      |     3|
|106   |        \f[7].FF     |JK_FF_227                      |     3|
|107   |        \f[8].FF     |JK_FF_228                      |     5|
|108   |        \f[9].FF     |JK_FF_229                      |     3|
|109   |      \regs[2].reg   |shift_register_1               |    33|
|110   |        \f[0].FF     |JK_FF_166                      |     1|
|111   |        \f[10].FF    |JK_FF_167                      |     1|
|112   |        \f[11].FF    |JK_FF_168                      |     1|
|113   |        \f[12].FF    |JK_FF_169                      |     1|
|114   |        \f[13].FF    |JK_FF_170                      |     1|
|115   |        \f[14].FF    |JK_FF_171                      |     1|
|116   |        \f[15].FF    |JK_FF_172                      |     1|
|117   |        \f[16].FF    |JK_FF_173                      |     1|
|118   |        \f[17].FF    |JK_FF_174                      |     1|
|119   |        \f[18].FF    |JK_FF_175                      |     1|
|120   |        \f[19].FF    |JK_FF_176                      |     1|
|121   |        \f[1].FF     |JK_FF_177                      |     1|
|122   |        \f[20].FF    |JK_FF_178                      |     1|
|123   |        \f[21].FF    |JK_FF_179                      |     1|
|124   |        \f[22].FF    |JK_FF_180                      |     1|
|125   |        \f[23].FF    |JK_FF_181                      |     1|
|126   |        \f[24].FF    |JK_FF_182                      |     1|
|127   |        \f[25].FF    |JK_FF_183                      |     1|
|128   |        \f[26].FF    |JK_FF_184                      |     1|
|129   |        \f[27].FF    |JK_FF_185                      |     1|
|130   |        \f[28].FF    |JK_FF_186                      |     1|
|131   |        \f[29].FF    |JK_FF_187                      |     1|
|132   |        \f[2].FF     |JK_FF_188                      |     1|
|133   |        \f[30].FF    |JK_FF_189                      |     1|
|134   |        \f[31].FF    |JK_FF_190                      |     2|
|135   |        \f[3].FF     |JK_FF_191                      |     1|
|136   |        \f[4].FF     |JK_FF_192                      |     1|
|137   |        \f[5].FF     |JK_FF_193                      |     1|
|138   |        \f[6].FF     |JK_FF_194                      |     1|
|139   |        \f[7].FF     |JK_FF_195                      |     1|
|140   |        \f[8].FF     |JK_FF_196                      |     1|
|141   |        \f[9].FF     |JK_FF_197                      |     1|
|142   |      \regs[3].reg   |shift_register_2               |  1104|
|143   |        \f[0].FF     |JK_FF_134                      |     3|
|144   |        \f[10].FF    |JK_FF_135                      |    31|
|145   |        \f[11].FF    |JK_FF_136                      |    30|
|146   |        \f[12].FF    |JK_FF_137                      |    31|
|147   |        \f[13].FF    |JK_FF_138                      |    28|
|148   |        \f[14].FF    |JK_FF_139                      |    81|
|149   |        \f[15].FF    |JK_FF_140                      |    33|
|150   |        \f[16].FF    |JK_FF_141                      |    31|
|151   |        \f[17].FF    |JK_FF_142                      |    32|
|152   |        \f[18].FF    |JK_FF_143                      |    27|
|153   |        \f[19].FF    |JK_FF_144                      |    29|
|154   |        \f[1].FF     |JK_FF_145                      |    43|
|155   |        \f[20].FF    |JK_FF_146                      |    31|
|156   |        \f[21].FF    |JK_FF_147                      |    28|
|157   |        \f[22].FF    |JK_FF_148                      |    30|
|158   |        \f[23].FF    |JK_FF_149                      |    30|
|159   |        \f[24].FF    |JK_FF_150                      |    41|
|160   |        \f[25].FF    |JK_FF_151                      |    38|
|161   |        \f[26].FF    |JK_FF_152                      |    40|
|162   |        \f[27].FF    |JK_FF_153                      |    35|
|163   |        \f[28].FF    |JK_FF_154                      |    29|
|164   |        \f[29].FF    |JK_FF_155                      |    32|
|165   |        \f[2].FF     |JK_FF_156                      |    29|
|166   |        \f[30].FF    |JK_FF_157                      |    28|
|167   |        \f[31].FF    |JK_FF_158                      |    41|
|168   |        \f[3].FF     |JK_FF_159                      |     3|
|169   |        \f[4].FF     |JK_FF_160                      |   109|
|170   |        \f[5].FF     |JK_FF_161                      |    31|
|171   |        \f[6].FF     |JK_FF_162                      |    33|
|172   |        \f[7].FF     |JK_FF_163                      |    35|
|173   |        \f[8].FF     |JK_FF_164                      |    29|
|174   |        \f[9].FF     |JK_FF_165                      |    33|
|175   |      \regs[4].reg   |shift_register_3               |    33|
|176   |        \f[0].FF     |JK_FF_102                      |     1|
|177   |        \f[10].FF    |JK_FF_103                      |     1|
|178   |        \f[11].FF    |JK_FF_104                      |     1|
|179   |        \f[12].FF    |JK_FF_105                      |     1|
|180   |        \f[13].FF    |JK_FF_106                      |     1|
|181   |        \f[14].FF    |JK_FF_107                      |     1|
|182   |        \f[15].FF    |JK_FF_108                      |     1|
|183   |        \f[16].FF    |JK_FF_109                      |     1|
|184   |        \f[17].FF    |JK_FF_110                      |     1|
|185   |        \f[18].FF    |JK_FF_111                      |     1|
|186   |        \f[19].FF    |JK_FF_112                      |     1|
|187   |        \f[1].FF     |JK_FF_113                      |     1|
|188   |        \f[20].FF    |JK_FF_114                      |     1|
|189   |        \f[21].FF    |JK_FF_115                      |     1|
|190   |        \f[22].FF    |JK_FF_116                      |     1|
|191   |        \f[23].FF    |JK_FF_117                      |     1|
|192   |        \f[24].FF    |JK_FF_118                      |     1|
|193   |        \f[25].FF    |JK_FF_119                      |     1|
|194   |        \f[26].FF    |JK_FF_120                      |     1|
|195   |        \f[27].FF    |JK_FF_121                      |     1|
|196   |        \f[28].FF    |JK_FF_122                      |     1|
|197   |        \f[29].FF    |JK_FF_123                      |     1|
|198   |        \f[2].FF     |JK_FF_124                      |     1|
|199   |        \f[30].FF    |JK_FF_125                      |     1|
|200   |        \f[31].FF    |JK_FF_126                      |     2|
|201   |        \f[3].FF     |JK_FF_127                      |     1|
|202   |        \f[4].FF     |JK_FF_128                      |     1|
|203   |        \f[5].FF     |JK_FF_129                      |     1|
|204   |        \f[6].FF     |JK_FF_130                      |     1|
|205   |        \f[7].FF     |JK_FF_131                      |     1|
|206   |        \f[8].FF     |JK_FF_132                      |     1|
|207   |        \f[9].FF     |JK_FF_133                      |     1|
|208   |      \regs[5].reg   |shift_register_4               |   125|
|209   |        \f[0].FF     |JK_FF_70                       |    27|
|210   |        \f[10].FF    |JK_FF_71                       |     3|
|211   |        \f[11].FF    |JK_FF_72                       |     3|
|212   |        \f[12].FF    |JK_FF_73                       |     3|
|213   |        \f[13].FF    |JK_FF_74                       |     3|
|214   |        \f[14].FF    |JK_FF_75                       |     3|
|215   |        \f[15].FF    |JK_FF_76                       |     3|
|216   |        \f[16].FF    |JK_FF_77                       |     3|
|217   |        \f[17].FF    |JK_FF_78                       |     3|
|218   |        \f[18].FF    |JK_FF_79                       |     3|
|219   |        \f[19].FF    |JK_FF_80                       |     3|
|220   |        \f[1].FF     |JK_FF_81                       |     4|
|221   |        \f[20].FF    |JK_FF_82                       |     3|
|222   |        \f[21].FF    |JK_FF_83                       |     3|
|223   |        \f[22].FF    |JK_FF_84                       |     3|
|224   |        \f[23].FF    |JK_FF_85                       |     3|
|225   |        \f[24].FF    |JK_FF_86                       |     3|
|226   |        \f[25].FF    |JK_FF_87                       |     3|
|227   |        \f[26].FF    |JK_FF_88                       |     3|
|228   |        \f[27].FF    |JK_FF_89                       |     3|
|229   |        \f[28].FF    |JK_FF_90                       |     3|
|230   |        \f[29].FF    |JK_FF_91                       |     3|
|231   |        \f[2].FF     |JK_FF_92                       |     4|
|232   |        \f[30].FF    |JK_FF_93                       |     3|
|233   |        \f[31].FF    |JK_FF_94                       |     4|
|234   |        \f[3].FF     |JK_FF_95                       |     5|
|235   |        \f[4].FF     |JK_FF_96                       |     3|
|236   |        \f[5].FF     |JK_FF_97                       |     3|
|237   |        \f[6].FF     |JK_FF_98                       |     3|
|238   |        \f[7].FF     |JK_FF_99                       |     3|
|239   |        \f[8].FF     |JK_FF_100                      |     3|
|240   |        \f[9].FF     |JK_FF_101                      |     3|
|241   |      \regs[6].reg   |shift_register_5               |    33|
|242   |        \f[0].FF     |JK_FF_38                       |     1|
|243   |        \f[10].FF    |JK_FF_39                       |     1|
|244   |        \f[11].FF    |JK_FF_40                       |     1|
|245   |        \f[12].FF    |JK_FF_41                       |     1|
|246   |        \f[13].FF    |JK_FF_42                       |     1|
|247   |        \f[14].FF    |JK_FF_43                       |     1|
|248   |        \f[15].FF    |JK_FF_44                       |     1|
|249   |        \f[16].FF    |JK_FF_45                       |     1|
|250   |        \f[17].FF    |JK_FF_46                       |     1|
|251   |        \f[18].FF    |JK_FF_47                       |     1|
|252   |        \f[19].FF    |JK_FF_48                       |     1|
|253   |        \f[1].FF     |JK_FF_49                       |     1|
|254   |        \f[20].FF    |JK_FF_50                       |     1|
|255   |        \f[21].FF    |JK_FF_51                       |     1|
|256   |        \f[22].FF    |JK_FF_52                       |     1|
|257   |        \f[23].FF    |JK_FF_53                       |     1|
|258   |        \f[24].FF    |JK_FF_54                       |     1|
|259   |        \f[25].FF    |JK_FF_55                       |     1|
|260   |        \f[26].FF    |JK_FF_56                       |     1|
|261   |        \f[27].FF    |JK_FF_57                       |     1|
|262   |        \f[28].FF    |JK_FF_58                       |     1|
|263   |        \f[29].FF    |JK_FF_59                       |     1|
|264   |        \f[2].FF     |JK_FF_60                       |     1|
|265   |        \f[30].FF    |JK_FF_61                       |     1|
|266   |        \f[31].FF    |JK_FF_62                       |     2|
|267   |        \f[3].FF     |JK_FF_63                       |     1|
|268   |        \f[4].FF     |JK_FF_64                       |     1|
|269   |        \f[5].FF     |JK_FF_65                       |     1|
|270   |        \f[6].FF     |JK_FF_66                       |     1|
|271   |        \f[7].FF     |JK_FF_67                       |     1|
|272   |        \f[8].FF     |JK_FF_68                       |     1|
|273   |        \f[9].FF     |JK_FF_69                       |     1|
|274   |      \regs[7].reg   |shift_register_6               |   114|
|275   |        \f[0].FF     |JK_FF                          |     3|
|276   |        \f[10].FF    |JK_FF_7                        |     3|
|277   |        \f[11].FF    |JK_FF_8                        |     3|
|278   |        \f[12].FF    |JK_FF_9                        |     3|
|279   |        \f[13].FF    |JK_FF_10                       |     3|
|280   |        \f[14].FF    |JK_FF_11                       |     3|
|281   |        \f[15].FF    |JK_FF_12                       |     3|
|282   |        \f[16].FF    |JK_FF_13                       |     3|
|283   |        \f[17].FF    |JK_FF_14                       |     3|
|284   |        \f[18].FF    |JK_FF_15                       |     3|
|285   |        \f[19].FF    |JK_FF_16                       |     3|
|286   |        \f[1].FF     |JK_FF_17                       |    16|
|287   |        \f[20].FF    |JK_FF_18                       |     3|
|288   |        \f[21].FF    |JK_FF_19                       |     3|
|289   |        \f[22].FF    |JK_FF_20                       |     3|
|290   |        \f[23].FF    |JK_FF_21                       |     3|
|291   |        \f[24].FF    |JK_FF_22                       |     3|
|292   |        \f[25].FF    |JK_FF_23                       |     3|
|293   |        \f[26].FF    |JK_FF_24                       |     3|
|294   |        \f[27].FF    |JK_FF_25                       |     3|
|295   |        \f[28].FF    |JK_FF_26                       |     3|
|296   |        \f[29].FF    |JK_FF_27                       |     3|
|297   |        \f[2].FF     |JK_FF_28                       |     6|
|298   |        \f[30].FF    |JK_FF_29                       |     3|
|299   |        \f[31].FF    |JK_FF_30                       |     4|
|300   |        \f[3].FF     |JK_FF_31                       |     3|
|301   |        \f[4].FF     |JK_FF_32                       |     3|
|302   |        \f[5].FF     |JK_FF_33                       |     4|
|303   |        \f[6].FF     |JK_FF_34                       |     3|
|304   |        \f[7].FF     |JK_FF_35                       |     3|
|305   |        \f[8].FF     |JK_FF_36                       |     3|
|306   |        \f[9].FF     |JK_FF_37                       |     3|
+------+---------------------+-------------------------------+------+
---------------------------------------------------------------------------------
Finished Writing Synthesis Report : Time (s): cpu = 00:00:39 ; elapsed = 00:00:40 . Memory (MB): peak = 1342.301 ; gain = 874.492
---------------------------------------------------------------------------------
Synthesis finished with 0 errors, 0 critical warnings and 5 warnings.
Synthesis Optimization Runtime : Time (s): cpu = 00:00:39 ; elapsed = 00:00:40 . Memory (MB): peak = 1342.301 ; gain = 874.492
Synthesis Optimization Complete : Time (s): cpu = 00:00:39 ; elapsed = 00:00:40 . Memory (MB): peak = 1342.301 ; gain = 874.492
INFO: [Project 1-571] Translating synthesized netlist
Netlist sorting complete. Time (s): cpu = 00:00:00 ; elapsed = 00:00:00.043 . Memory (MB): peak = 1342.301 ; gain = 0.000
INFO: [Netlist 29-17] Analyzing 53 Unisim elements for replacement
INFO: [Netlist 29-28] Unisim Transformation completed in 0 CPU seconds
INFO: [Project 1-570] Preparing netlist for logic optimization
INFO: [Opt 31-138] Pushed 0 inverter(s) to 0 load pin(s).
Netlist sorting complete. Time (s): cpu = 00:00:00 ; elapsed = 00:00:00.001 . Memory (MB): peak = 1342.301 ; gain = 0.000
INFO: [Project 1-111] Unisim Transformation Summary:
No Unisim elements were transformed.

The system cannot find the path specified.
Synth Design complete | Checksum: 73dcc7ce
INFO: [Common 17-83] Releasing license: Synthesis
55 Infos, 5 Warnings, 0 Critical Warnings and 0 Errors encountered.
synth_design completed successfully
synth_design: Time (s): cpu = 00:00:40 ; elapsed = 00:00:42 . Memory (MB): peak = 1342.301 ; gain = 881.121
Write ShapeDB Complete: Time (s): cpu = 00:00:00 ; elapsed = 00:00:00.003 . Memory (MB): peak = 1342.301 ; gain = 0.000
INFO: [Common 17-1381] The checkpoint 'D:/Documents/xilinx/CPU-ALU-stuff/CPU-ALU-stuff.runs/synth_1/CPU.dcp' has been generated.
INFO: [runtcl-4] Executing : report_utilization -file CPU_utilization_synth.rpt -pb CPU_utilization_synth.pb
INFO: [Common 17-206] Exiting Vivado at Tue Mar  5 22:18:09 2024...
